This file contains any messages produced by compilers while
running configure, to aid debugging if configure makes a mistake.

It was created by configure, which was
generated by GNU Autoconf 2.69.  Invocation command line was

  $ ./configure --enable-geoip --enable-utf8

## --------- ##
## Platform. ##
## --------- ##

hostname = colmeia04
uname -m = x86_64
uname -r = 4.4.0-53-generic
uname -s = Linux
uname -v = #74-Ubuntu SMP Fri Dec 2 15:59:10 UTC 2016

/usr/bin/uname -p = unknown
/bin/uname -X     = unknown

/bin/arch              = unknown
/usr/bin/arch -k       = unknown
/usr/convex/getsysinfo = unknown
/usr/bin/hostinfo      = unknown
/bin/machine           = unknown
/usr/bin/oslevel       = unknown
/bin/universe          = unknown

PATH: /usr/local/bin
PATH: /usr/bin
PATH: /bin
PATH: /usr/local/games
PATH: /usr/games


## ----------- ##
## Core tests. ##
## ----------- ##

configure:1857: checking for gcc
configure:1873: found /usr/bin/gcc
configure:1884: result: gcc
configure:2113: checking for C compiler version
configure:2122: gcc --version >&5
gcc (Ubuntu 5.4.0-6ubuntu1~16.04.4) 5.4.0 20160609
Copyright (C) 2015 Free Software Foundation, Inc.
This is free software; see the source for copying conditions.  There is NO
warranty; not even for MERCHANTABILITY or FITNESS FOR A PARTICULAR PURPOSE.

configure:2133: $? = 0
configure:2122: gcc -v >&5
Using built-in specs.
COLLECT_GCC=gcc
COLLECT_LTO_WRAPPER=/usr/lib/gcc/x86_64-linux-gnu/5/lto-wrapper
Target: x86_64-linux-gnu
Configured with: ../src/configure -v --with-pkgversion='Ubuntu 5.4.0-6ubuntu1~16.04.4' --with-bugurl=file:///usr/share/doc/gcc-5/README.Bugs --enable-languages=c,ada,c++,java,go,d,fortran,objc,obj-c++ --prefix=/usr --program-suffix=-5 --enable-shared --enable-linker-build-id --libexecdir=/usr/lib --without-included-gettext --enable-threads=posix --libdir=/usr/lib --enable-nls --with-sysroot=/ --enable-clocale=gnu --enable-libstdcxx-debug --enable-libstdcxx-time=yes --with-default-libstdcxx-abi=new --enable-gnu-unique-object --disable-vtable-verify --enable-libmpx --enable-plugin --with-system-zlib --disable-browser-plugin --enable-java-awt=gtk --enable-gtk-cairo --with-java-home=/usr/lib/jvm/java-1.5.0-gcj-5-amd64/jre --enable-java-home --with-jvm-root-dir=/usr/lib/jvm/java-1.5.0-gcj-5-amd64 --with-jvm-jar-dir=/usr/lib/jvm-exports/java-1.5.0-gcj-5-amd64 --with-arch-directory=amd64 --with-ecj-jar=/usr/share/java/eclipse-ecj.jar --enable-objc-gc --enable-multiarch --disable-werror --with-arch-32=i686 --with-abi=m64 --with-multilib-list=m32,m64,mx32 --enable-multilib --with-tune=generic --enable-checking=release --build=x86_64-linux-gnu --host=x86_64-linux-gnu --target=x86_64-linux-gnu
Thread model: posix
gcc version 5.4.0 20160609 (Ubuntu 5.4.0-6ubuntu1~16.04.4) 
configure:2133: $? = 0
configure:2122: gcc -V >&5
gcc: error: unrecognized command line option '-V'
gcc: fatal error: no input files
compilation terminated.
configure:2133: $? = 1
configure:2122: gcc -qversion >&5
gcc: error: unrecognized command line option '-qversion'
gcc: fatal error: no input files
compilation terminated.
configure:2133: $? = 1
configure:2153: checking whether the C compiler works
configure:2175: gcc    conftest.c  >&5
configure:2179: $? = 0
configure:2227: result: yes
configure:2230: checking for C compiler default output file name
configure:2232: result: a.out
configure:2238: checking for suffix of executables
configure:2245: gcc -o conftest    conftest.c  >&5
configure:2249: $? = 0
configure:2271: result: 
configure:2293: checking whether we are cross compiling
configure:2301: gcc -o conftest    conftest.c  >&5
configure:2305: $? = 0
configure:2312: ./conftest
configure:2316: $? = 0
configure:2331: result: no
configure:2336: checking for suffix of object files
configure:2358: gcc -c   conftest.c >&5
configure:2362: $? = 0
configure:2383: result: o
configure:2387: checking whether we are using the GNU C compiler
configure:2406: gcc -c   conftest.c >&5
configure:2406: $? = 0
configure:2415: result: yes
configure:2424: checking whether gcc accepts -g
configure:2444: gcc -c -g  conftest.c >&5
configure:2444: $? = 0
configure:2485: result: yes
configure:2502: checking for gcc option to accept ISO C89
configure:2565: gcc  -c -g -O2  conftest.c >&5
configure:2565: $? = 0
configure:2578: result: none needed
configure:2641: checking for a BSD-compatible install
configure:2709: result: /usr/bin/install -c
configure:2763: checking for ranlib
configure:2779: found /usr/bin/ranlib
configure:2790: result: ranlib
configure:2814: checking for inline
configure:2830: gcc -c -g -O2  conftest.c >&5
configure:2830: $? = 0
configure:2838: result: inline
configure:2861: checking for socket in -lsocket
configure:2886: gcc -o conftest -g -O2   conftest.c -lsocket   >&5
/usr/bin/ld: cannot find -lsocket
collect2: error: ld returned 1 exit status
configure:2886: $? = 1
configure: failed program was:
| /* confdefs.h */
| #define PACKAGE_NAME ""
| #define PACKAGE_TARNAME ""
| #define PACKAGE_VERSION ""
| #define PACKAGE_STRING ""
| #define PACKAGE_BUGREPORT ""
| #define PACKAGE_URL ""
| /* end confdefs.h.  */
| 
| /* Override any GCC internal prototype to avoid an error.
|    Use char because int might match the return type of a GCC
|    builtin and then its argument prototype would still apply.  */
| #ifdef __cplusplus
| extern "C"
| #endif
| char socket ();
| int
| main ()
| {
| return socket ();
|   ;
|   return 0;
| }
configure:2895: result: no
configure:2906: checking for inet_ntoa in -lnsl
configure:2931: gcc -o conftest -g -O2   conftest.c -lnsl   >&5
configure:2931: $? = 0
configure:2940: result: yes
configure:2954: checking for isc-config.sh
configure:2972: found /usr/bin/isc-config.sh
configure:2985: result: /usr/bin/isc-config.sh
configure:3001: checking for socklen_t
configure:3019: gcc -c -g -O2  conftest.c >&5
configure:3019: $? = 0
configure:3027: result: yes
configure:3034: checking for sa_len
configure:3052: gcc -c -g -O2  conftest.c >&5
conftest.c: In function 'main':
conftest.c:15:23: error: 'struct sockaddr' has no member named 'sa_len'
 struct sockaddr sa; sa.sa_len = 0;
                       ^
configure:3052: $? = 1
configure: failed program was:
| /* confdefs.h */
| #define PACKAGE_NAME ""
| #define PACKAGE_TARNAME ""
| #define PACKAGE_VERSION ""
| #define PACKAGE_STRING ""
| #define PACKAGE_BUGREPORT ""
| #define PACKAGE_URL ""
| #define HAVE_LIBNSL 1
| /* end confdefs.h.  */
| #include <sys/types.h>
|    #include <sys/socket.h>
| int
| main ()
| {
| struct sockaddr sa; sa.sa_len = 0;
|   ;
|   return 0;
| }
configure:3060: result: no
configure:3072: checking build system type
configure:3086: result: x86_64-pc-linux-gnu
configure:3106: checking host system type
configure:3119: result: x86_64-pc-linux-gnu
configure:3304: checking for the pthreads library -lpthreads
configure:3337: gcc -o conftest -g -O2    conftest.c -lpthreads -lnsl  >&5
conftest.c: In function 'main':
conftest.c:15:22: warning: null argument where non-null required (argument 1) [-Wnonnull]
                      pthread_attr_init(0); pthread_cleanup_push(0, 0);
                      ^
conftest.c:16:22: warning: null argument where non-null required (argument 1) [-Wnonnull]
                      pthread_create(0,0,0,0); pthread_cleanup_pop(0);
                      ^
conftest.c:16:22: warning: null argument where non-null required (argument 3) [-Wnonnull]
/usr/bin/ld: cannot find -lpthreads
collect2: error: ld returned 1 exit status
configure:3337: $? = 1
configure: failed program was:
| /* confdefs.h */
| #define PACKAGE_NAME ""
| #define PACKAGE_TARNAME ""
| #define PACKAGE_VERSION ""
| #define PACKAGE_STRING ""
| #define PACKAGE_BUGREPORT ""
| #define PACKAGE_URL ""
| #define HAVE_LIBNSL 1
| /* end confdefs.h.  */
| #include <pthread.h>
| int
| main ()
| {
| pthread_t th; pthread_join(th, 0);
|                      pthread_attr_init(0); pthread_cleanup_push(0, 0);
|                      pthread_create(0,0,0,0); pthread_cleanup_pop(0);
|   ;
|   return 0;
| }
configure:3346: result: no
configure:3249: checking whether pthreads work without any flags
configure:3337: gcc -o conftest -g -O2    conftest.c  -lnsl  >&5
conftest.c: In function 'main':
conftest.c:15:22: warning: null argument where non-null required (argument 1) [-Wnonnull]
                      pthread_attr_init(0); pthread_cleanup_push(0, 0);
                      ^
conftest.c:16:22: warning: null argument where non-null required (argument 1) [-Wnonnull]
                      pthread_create(0,0,0,0); pthread_cleanup_pop(0);
                      ^
conftest.c:16:22: warning: null argument where non-null required (argument 3) [-Wnonnull]
/tmp/ccodUTFw.o: In function `main':
/home/tiago/dnsperf/conftest.c:14: undefined reference to `pthread_join'
/home/tiago/dnsperf/conftest.c:15: undefined reference to `__pthread_register_cancel'
/home/tiago/dnsperf/conftest.c:16: undefined reference to `pthread_create'
/home/tiago/dnsperf/conftest.c:16: undefined reference to `__pthread_unregister_cancel'
collect2: error: ld returned 1 exit status
configure:3337: $? = 1
configure: failed program was:
| /* confdefs.h */
| #define PACKAGE_NAME ""
| #define PACKAGE_TARNAME ""
| #define PACKAGE_VERSION ""
| #define PACKAGE_STRING ""
| #define PACKAGE_BUGREPORT ""
| #define PACKAGE_URL ""
| #define HAVE_LIBNSL 1
| /* end confdefs.h.  */
| #include <pthread.h>
| int
| main ()
| {
| pthread_t th; pthread_join(th, 0);
|                      pthread_attr_init(0); pthread_cleanup_push(0, 0);
|                      pthread_create(0,0,0,0); pthread_cleanup_pop(0);
|   ;
|   return 0;
| }
configure:3346: result: no
configure:3254: checking whether pthreads work with -Kthread
configure:3337: gcc -o conftest -g -O2 -Kthread   conftest.c  -lnsl  >&5
gcc: error: unrecognized command line option '-Kthread'
configure:3337: $? = 1
configure: failed program was:
| /* confdefs.h */
| #define PACKAGE_NAME ""
| #define PACKAGE_TARNAME ""
| #define PACKAGE_VERSION ""
| #define PACKAGE_STRING ""
| #define PACKAGE_BUGREPORT ""
| #define PACKAGE_URL ""
| #define HAVE_LIBNSL 1
| /* end confdefs.h.  */
| #include <pthread.h>
| int
| main ()
| {
| pthread_t th; pthread_join(th, 0);
|                      pthread_attr_init(0); pthread_cleanup_push(0, 0);
|                      pthread_create(0,0,0,0); pthread_cleanup_pop(0);
|   ;
|   return 0;
| }
configure:3346: result: no
configure:3254: checking whether pthreads work with -kthread
configure:3337: gcc -o conftest -g -O2 -kthread   conftest.c  -lnsl  >&5
gcc: error: unrecognized command line option '-kthread'
configure:3337: $? = 1
configure: failed program was:
| /* confdefs.h */
| #define PACKAGE_NAME ""
| #define PACKAGE_TARNAME ""
| #define PACKAGE_VERSION ""
| #define PACKAGE_STRING ""
| #define PACKAGE_BUGREPORT ""
| #define PACKAGE_URL ""
| #define HAVE_LIBNSL 1
| /* end confdefs.h.  */
| #include <pthread.h>
| int
| main ()
| {
| pthread_t th; pthread_join(th, 0);
|                      pthread_attr_init(0); pthread_cleanup_push(0, 0);
|                      pthread_create(0,0,0,0); pthread_cleanup_pop(0);
|   ;
|   return 0;
| }
configure:3346: result: no
configure:3304: checking for the pthreads library -llthread
configure:3337: gcc -o conftest -g -O2    conftest.c -llthread -lnsl  >&5
conftest.c: In function 'main':
conftest.c:15:22: warning: null argument where non-null required (argument 1) [-Wnonnull]
                      pthread_attr_init(0); pthread_cleanup_push(0, 0);
                      ^
conftest.c:16:22: warning: null argument where non-null required (argument 1) [-Wnonnull]
                      pthread_create(0,0,0,0); pthread_cleanup_pop(0);
                      ^
conftest.c:16:22: warning: null argument where non-null required (argument 3) [-Wnonnull]
/usr/bin/ld: cannot find -llthread
collect2: error: ld returned 1 exit status
configure:3337: $? = 1
configure: failed program was:
| /* confdefs.h */
| #define PACKAGE_NAME ""
| #define PACKAGE_TARNAME ""
| #define PACKAGE_VERSION ""
| #define PACKAGE_STRING ""
| #define PACKAGE_BUGREPORT ""
| #define PACKAGE_URL ""
| #define HAVE_LIBNSL 1
| /* end confdefs.h.  */
| #include <pthread.h>
| int
| main ()
| {
| pthread_t th; pthread_join(th, 0);
|                      pthread_attr_init(0); pthread_cleanup_push(0, 0);
|                      pthread_create(0,0,0,0); pthread_cleanup_pop(0);
|   ;
|   return 0;
| }
configure:3346: result: no
configure:3254: checking whether pthreads work with -pthread
configure:3337: gcc -o conftest -g -O2 -pthread   conftest.c  -lnsl  >&5
conftest.c: In function 'main':
conftest.c:15:22: warning: null argument where non-null required (argument 1) [-Wnonnull]
                      pthread_attr_init(0); pthread_cleanup_push(0, 0);
                      ^
conftest.c:16:22: warning: null argument where non-null required (argument 1) [-Wnonnull]
                      pthread_create(0,0,0,0); pthread_cleanup_pop(0);
                      ^
conftest.c:16:22: warning: null argument where non-null required (argument 3) [-Wnonnull]
configure:3337: $? = 0
configure:3346: result: yes
configure:3365: checking for joinable pthread attribute
configure:3380: gcc -o conftest -g -O2 -pthread   conftest.c  -lnsl  >&5
configure:3380: $? = 0
configure:3386: result: PTHREAD_CREATE_JOINABLE
configure:3396: checking if more special flags are required for pthreads
configure:3403: result: no
configure:3638: creating ./config.status

## ---------------------- ##
## Running config.status. ##
## ---------------------- ##

This file was extended by config.status, which was
generated by GNU Autoconf 2.69.  Invocation command line was

  CONFIG_FILES    = 
  CONFIG_HEADERS  = 
  CONFIG_LINKS    = 
  CONFIG_COMMANDS = 
  $ ./config.status 

on colmeia04

config.status:740: creating Makefile
configure:4645: WARNING: unrecognized options: --enable-geoip, --enable-utf8

## ---------------- ##
## Cache variables. ##
## ---------------- ##

ac_cv_build=x86_64-pc-linux-gnu
ac_cv_c_compiler_gnu=yes
ac_cv_c_inline=inline
ac_cv_env_CC_set=
ac_cv_env_CC_value=
ac_cv_env_CFLAGS_set=
ac_cv_env_CFLAGS_value=
ac_cv_env_CPPFLAGS_set=
ac_cv_env_CPPFLAGS_value=
ac_cv_env_LDFLAGS_set=
ac_cv_env_LDFLAGS_value=
ac_cv_env_LIBS_set=
ac_cv_env_LIBS_value=
ac_cv_env_build_alias_set=
ac_cv_env_build_alias_value=
ac_cv_env_host_alias_set=
ac_cv_env_host_alias_value=
ac_cv_env_target_alias_set=
ac_cv_env_target_alias_value=
ac_cv_host=x86_64-pc-linux-gnu
ac_cv_isc_config=/usr/bin/isc-config.sh
ac_cv_lib_nsl_inet_ntoa=yes
ac_cv_lib_socket_socket=no
ac_cv_objext=o
ac_cv_path_ac_cv_isc_config=/usr/bin/isc-config.sh
ac_cv_path_install='/usr/bin/install -c'
ac_cv_prog_ac_ct_CC=gcc
ac_cv_prog_ac_ct_RANLIB=ranlib
ac_cv_prog_cc_c89=
ac_cv_prog_cc_g=yes
ac_cv_sa_len=no
ac_cv_type_socklen_t=yes

## ----------------- ##
## Output variables. ##
## ----------------- ##

CC='gcc'
CFLAGS='-g -O2'
CPPFLAGS=''
DEFS='-DPACKAGE_NAME=\"\" -DPACKAGE_TARNAME=\"\" -DPACKAGE_VERSION=\"\" -DPACKAGE_STRING=\"\" -DPACKAGE_BUGREPORT=\"\" -DPACKAGE_URL=\"\" -DHAVE_LIBNSL=1 -DHAVE_PTHREAD=1'
DNSCFLAGS='-I/usr/include -D_REENTRANT -D_LARGEFILE_SOURCE -D_FILE_OFFSET_BITS=64 -D_GNU_SOURCE'
DNSLIBS='-lbind9 -ldns -lgssapi_krb5 -lkrb5 -lk5crypto -lcom_err -lcrypto -lisccfg -lisc -ldl -lcap -lpthread -lm -lGeoIP -L/usr/lib -lxml2'
ECHO_C=''
ECHO_N='-n'
ECHO_T=''
EXEEXT=''
INSTALL_DATA='${INSTALL} -m 644'
INSTALL_PROGRAM='${INSTALL}'
INSTALL_SCRIPT='${INSTALL}'
LDFLAGS=''
LIBOBJS=''
LIBS='-lnsl '
LTLIBOBJS=''
OBJEXT='o'
PACKAGE_BUGREPORT=''
PACKAGE_NAME=''
PACKAGE_STRING=''
PACKAGE_TARNAME=''
PACKAGE_URL=''
PACKAGE_VERSION=''
PATH_SEPARATOR=':'
PTHREAD_CC='gcc'
PTHREAD_CFLAGS='-pthread'
PTHREAD_LIBS=''
RANLIB='ranlib'
SHELL='/bin/bash'
ac_ct_CC='gcc'
ac_cv_isc_config='/usr/bin/isc-config.sh'
acx_pthread_config=''
bindir='${exec_prefix}/bin'
build='x86_64-pc-linux-gnu'
build_alias=''
build_cpu='x86_64'
build_os='linux-gnu'
build_vendor='pc'
datadir='${datarootdir}'
datarootdir='${prefix}/share'
docdir='${datarootdir}/doc/${PACKAGE}'
dvidir='${docdir}'
exec_prefix='${prefix}'
host='x86_64-pc-linux-gnu'
host_alias=''
host_cpu='x86_64'
host_os='linux-gnu'
host_vendor='pc'
htmldir='${docdir}'
includedir='${prefix}/include'
infodir='${datarootdir}/info'
libdir='${exec_prefix}/lib'
libexecdir='${exec_prefix}/libexec'
localedir='${datarootdir}/locale'
localstatedir='${prefix}/var'
mandir='${datarootdir}/man'
oldincludedir='/usr/include'
pdfdir='${docdir}'
prefix='/usr/local'
program_transform_name='s,x,x,'
psdir='${docdir}'
runstatedir='${localstatedir}/run'
sbindir='${exec_prefix}/sbin'
sharedstatedir='${prefix}/com'
sysconfdir='${prefix}/etc'
target_alias=''

## ----------- ##
## confdefs.h. ##
## ----------- ##

/* confdefs.h */
#define PACKAGE_NAME ""
#define PACKAGE_TARNAME ""
#define PACKAGE_VERSION ""
#define PACKAGE_STRING ""
#define PACKAGE_BUGREPORT ""
#define PACKAGE_URL ""
#define HAVE_LIBNSL 1
#define HAVE_PTHREAD 1

configure: exit 0
